# JRE version: OpenJDK Runtime Environment (11.0.13) (build 11.0.13+0-b1751.21-8125866)
# Java VM: OpenJDK 64-Bit Server VM (11.0.13+0-b1751.21-8125866, mixed mode, tiered, compressed oops, g1 gc, windows-amd64)
Heap:
 garbage-first heap   total 313344K, used 181679K [0x0000000080000000, 0x0000000100000000)
  region size 1024K, 60 young (61440K), 4 survivors (4096K)
 Metaspace       used 130409K, capacity 134108K, committed 134440K, reserved 1165312K
  class space    used 16421K, capacity 17755K, committed 17868K, reserved 1048576K
GC Heap History (20 events):
Event: 5063.949 GC heap before
{Heap before GC invocations=65 (full 0):
 garbage-first heap   total 187392K, used 167790K [0x0000000080000000, 0x0000000100000000)
  region size 1024K, 9 young (9216K), 2 survivors (2048K)
 Metaspace       used 103566K, capacity 106370K, committed 106920K, reserved 1142784K
  class space    used 12918K, capacity 13931K, committed 14156K, reserved 1048576K
}
Event: 5063.955 GC heap after
{Heap after GC invocations=66 (full 0):
 garbage-first heap   total 237568K, used 160962K [0x0000000080000000, 0x0000000100000000)
  region size 1024K, 2 young (2048K), 2 survivors (2048K)
 Metaspace       used 103566K, capacity 106370K, committed 106920K, reserved 1142784K
  class space    used 12918K, capacity 13931K, committed 14156K, reserved 1048576K
}
Event: 5064.171 GC heap before
{Heap before GC invocations=67 (full 0):
 garbage-first heap   total 237568K, used 183490K [0x0000000080000000, 0x0000000100000000)
  region size 1024K, 25 young (25600K), 2 survivors (2048K)
 Metaspace       used 106066K, capacity 108929K, committed 109224K, reserved 1144832K
  class space    used 13259K, capacity 14297K, committed 14412K, reserved 1048576K
}
Event: 5064.174 GC heap after
{Heap after GC invocations=68 (full 0):
 garbage-first heap   total 237568K, used 161437K [0x0000000080000000, 0x0000000100000000)
  region size 1024K, 2 young (2048K), 2 survivors (2048K)
 Metaspace       used 106066K, capacity 108929K, committed 109224K, reserved 1144832K
  class space    used 13259K, capacity 14297K, committed 14412K, reserved 1048576K
}
Event: 5064.318 GC heap before
{Heap before GC invocations=68 (full 0):
 garbage-first heap   total 237568K, used 170653K [0x0000000080000000, 0x0000000100000000)
  region size 1024K, 11 young (11264K), 2 survivors (2048K)
 Metaspace       used 108429K, capacity 111357K, committed 111656K, reserved 1146880K
  class space    used 13588K, capacity 14659K, committed 14796K, reserved 1048576K
}
Event: 5064.321 GC heap after
{Heap after GC invocations=69 (full 0):
 garbage-first heap   total 237568K, used 137490K [0x0000000080000000, 0x0000000100000000)
  region size 1024K, 2 young (2048K), 2 survivors (2048K)
 Metaspace       used 108429K, capacity 111357K, committed 111656K, reserved 1146880K
  class space    used 13588K, capacity 14659K, committed 14796K, reserved 1048576K
}
Event: 5064.470 GC heap before
{Heap before GC invocations=69 (full 0):
 garbage-first heap   total 237568K, used 145682K [0x0000000080000000, 0x0000000100000000)
  region size 1024K, 11 young (11264K), 2 survivors (2048K)
 Metaspace       used 110994K, capacity 114058K, committed 114344K, reserved 1148928K
  class space    used 13987K, capacity 15109K, committed 15180K, reserved 1048576K
}
Event: 5064.477 GC heap after
{Heap after GC invocations=70 (full 0):
 garbage-first heap   total 237568K, used 114381K [0x0000000080000000, 0x0000000100000000)
  region size 1024K, 2 young (2048K), 2 survivors (2048K)
 Metaspace       used 110994K, capacity 114058K, committed 114344K, reserved 1148928K
  class space    used 13987K, capacity 15109K, committed 15180K, reserved 1048576K
}
Event: 5064.631 GC heap before
{Heap before GC invocations=70 (full 0):
 garbage-first heap   total 237568K, used 123597K [0x0000000080000000, 0x0000000100000000)
  region size 1024K, 11 young (11264K), 2 survivors (2048K)
 Metaspace       used 112669K, capacity 115810K, committed 116008K, reserved 1150976K
  class space    used 14271K, capacity 15436K, committed 15564K, reserved 1048576K
}
Event: 5064.647 GC heap after
{Heap after GC invocations=71 (full 0):
 garbage-first heap   total 313344K, used 102881K [0x0000000080000000, 0x0000000100000000)
  region size 1024K, 2 young (2048K), 2 survivors (2048K)
 Metaspace       used 112669K, capacity 115810K, committed 116008K, reserved 1150976K
  class space    used 14271K, capacity 15436K, committed 15564K, reserved 1048576K
}
Event: 5065.483 GC heap before
{Heap before GC invocations=71 (full 0):
 garbage-first heap   total 313344K, used 186849K [0x0000000080000000, 0x0000000100000000)
  region size 1024K, 84 young (86016K), 2 survivors (2048K)
 Metaspace       used 119895K, capacity 123352K, committed 123432K, reserved 1157120K
  class space    used 15271K, capacity 16547K, committed 16588K, reserved 1048576K
}
Event: 5065.490 GC heap after
{Heap after GC invocations=72 (full 0):
 garbage-first heap   total 313344K, used 104859K [0x0000000080000000, 0x0000000100000000)
  region size 1024K, 4 young (4096K), 4 survivors (4096K)
 Metaspace       used 119895K, capacity 123352K, committed 123432K, reserved 1157120K
  class space    used 15271K, capacity 16547K, committed 16588K, reserved 1048576K
}
Event: 8621.471 GC heap before
{Heap before GC invocations=72 (full 0):
 garbage-first heap   total 313344K, used 242075K [0x0000000080000000, 0x0000000100000000)
  region size 1024K, 99 young (101376K), 4 survivors (4096K)
 Metaspace       used 121561K, capacity 125089K, committed 125224K, reserved 1157120K
  class space    used 15477K, capacity 16777K, committed 16844K, reserved 1048576K
}
Event: 8621.571 GC heap after
{Heap after GC invocations=73 (full 0):
 garbage-first heap   total 313344K, used 107002K [0x0000000080000000, 0x0000000100000000)
  region size 1024K, 6 young (6144K), 6 survivors (6144K)
 Metaspace       used 121561K, capacity 125089K, committed 125224K, reserved 1157120K
  class space    used 15477K, capacity 16777K, committed 16844K, reserved 1048576K
}
Event: 9288.513 GC heap before
{Heap before GC invocations=73 (full 0):
 garbage-first heap   total 313344K, used 215546K [0x0000000080000000, 0x0000000100000000)
  region size 1024K, 110 young (112640K), 6 survivors (6144K)
 Metaspace       used 121752K, capacity 125291K, committed 125480K, reserved 1159168K
  class space    used 15478K, capacity 16778K, committed 16844K, reserved 1048576K
}
Event: 9288.527 GC heap after
{Heap after GC invocations=74 (full 0):
 garbage-first heap   total 313344K, used 118507K [0x0000000080000000, 0x0000000100000000)
  region size 1024K, 14 young (14336K), 14 survivors (14336K)
 Metaspace       used 121752K, capacity 125291K, committed 125480K, reserved 1159168K
  class space    used 15478K, capacity 16778K, committed 16844K, reserved 1048576K
}
Event: 9289.660 GC heap before
{Heap before GC invocations=74 (full 0):
 garbage-first heap   total 313344K, used 225003K [0x0000000080000000, 0x0000000100000000)
  region size 1024K, 119 young (121856K), 14 survivors (14336K)
 Metaspace       used 122147K, capacity 125657K, committed 125736K, reserved 1159168K
  class space    used 15481K, capacity 16783K, committed 16844K, reserved 1048576K
}
Event: 9289.694 GC heap after
{Heap after GC invocations=75 (full 0):
 garbage-first heap   total 313344K, used 118284K [0x0000000080000000, 0x0000000100000000)
  region size 1024K, 5 young (5120K), 5 survivors (5120K)
 Metaspace       used 122147K, capacity 125657K, committed 125736K, reserved 1159168K
  class space    used 15481K, capacity 16783K, committed 16844K, reserved 1048576K
}
Event: 9775.391 GC heap before
{Heap before GC invocations=75 (full 0):
 garbage-first heap   total 313344K, used 272908K [0x0000000080000000, 0x0000000100000000)
  region size 1024K, 118 young (120832K), 5 survivors (5120K)
 Metaspace       used 125030K, capacity 128744K, committed 128936K, reserved 1161216K
  class space    used 15798K, capacity 17142K, committed 17228K, reserved 1048576K
}
Event: 9775.490 GC heap after
{Heap after GC invocations=76 (full 0):
 garbage-first heap   total 313344K, used 118191K [0x0000000080000000, 0x0000000100000000)
  region size 1024K, 4 young (4096K), 4 survivors (4096K)
 Metaspace       used 125030K, capacity 128744K, committed 128936K, reserved 1161216K
  class space    used 15798K, capacity 17142K, committed 17228K, reserved 1048576K
}

